#
# A fatal error has been detected by the Java Runtime Environment:
#
#  EXCEPTION_ACCESS_VIOLATION (0xc0000005) at pc=0x00007ffe0e3e99b7, pid=22120, tid=5312
#
# JRE version: Java(TM) SE Runtime Environment (20.0.2+9) (build 20.0.2+9-78)
# Java VM: Java HotSpot(TM) 64-Bit Server VM (20.0.2+9-78, mixed mode, sharing, tiered, compressed oops, compressed class ptrs, g1 gc, windows-amd64)
# Problematic frame:
# C  [imgui-java64.dll+0x799b7]
#
# No core dump will be written. Minidumps are not enabled by default on client versions of Windows
#
# If you would like to submit a bug report, please visit:
#   https://bugreport.java.com/bugreport/crash.jsp
# The crash happened outside the Java Virtual Machine in native code.
# See problematic frame for where to report the bug.
#

---------------  S U M M A R Y ------------

Command Line: -javaagent:C:\Program Files\JetBrains\IntelliJ IDEA 2024.3\lib\idea_rt.jar=54073:C:\Program Files\JetBrains\IntelliJ IDEA 2024.3\bin -Dfile.encoding=UTF-8 -Dsun.stdout.encoding=UTF-8 -Dsun.stderr.encoding=UTF-8 org.main.Main

Host: AMD Ryzen 5 PRO 3400G with Radeon Vega Graphics, 8 cores, 13G,  Windows 11 , 64 bit Build 22621 (10.0.22621.4391)
Time: Thu Dec 12 10:32:05 2024 W. Europe Standard Time elapsed time: 2.074891 seconds (0d 0h 0m 2s)

---------------  T H R E A D  ---------------

Current thread (0x000001901563f220):  JavaThread "main" [_thread_in_native, id=5312, stack(0x00000047ec800000,0x00000047ec900000)]

Stack: [0x00000047ec800000,0x00000047ec900000],  sp=0x00000047ec8ff180,  free space=1020k
Native frames: (J=compiled Java code, j=interpreted, Vv=VM code, C=native code)
C  [imgui-java64.dll+0x799b7]

Java frames: (J=compiled Java code, j=interpreted, Vv=VM code)
j  imgui.ImGui.nBegin(Ljava/lang/String;)Z+0
j  imgui.ImGui.begin(Ljava/lang/String;)Z+1
j  org.main.UIManager.update()V+2
j  org.main.Game.run()V+53
j  org.main.Main.main([Ljava/lang/String;)V+13
v  ~StubRoutines::call_stub 0x0000019024c3100d

siginfo: EXCEPTION_ACCESS_VIOLATION (0xc0000005), reading address 0x0000000000003ee8


Registers:
RAX=0x0000019079fec090, RBX=0x0000019079fec090, RCX=0x0000019079fec090, RDX=0x0000000000000000
RSP=0x00000047ec8ff180, RBP=0x00000047ec8ff518, RSI=0x0000000000000000, RDI=0x0000019024c4de8a
R8 =0x0000000000000000, R9 =0x0000000000000001, R10=0x0000019079fec094, R11=0x0000019079fec090
R12=0x000001901563f500, R13=0x0000000000000000, R14=0x00000047ec8ff538, R15=0x000001901563f220
RIP=0x00007ffe0e3e99b7, EFLAGS=0x0000000000010206


Register to memory mapping:

RIP=0x00007ffe0e3e99b7 imgui-java64.dll
RAX=0x0000019079fec090 points into unknown readable memory: 0x0000000074736574 | 74 65 73 74 00 00 00 00
RBX=0x0000019079fec090 points into unknown readable memory: 0x0000000074736574 | 74 65 73 74 00 00 00 00
RCX=0x0000019079fec090 points into unknown readable memory: 0x0000000074736574 | 74 65 73 74 00 00 00 00
RDX=0x0 is NULL
RSP=0x00000047ec8ff180 is pointing into the stack for thread: 0x000001901563f220
RBP=0x00000047ec8ff518 is pointing into the stack for thread: 0x000001901563f220
RSI=0x0 is NULL
RDI=0x0000019024c4de8a is at code_begin+1098 in an Interpreter codelet
return entry points  [0x0000019024c4da40, 0x0000019024c4e508]  2760 bytes
R8 =0x0 is NULL
R9 =0x0000000000000001 is an unknown value
R10=0x0000019079fec094 points into unknown readable memory: 00 00 00 00
R11=0x0000019079fec090 points into unknown readable memory: 0x0000000074736574 | 74 65 73 74 00 00 00 00
R12=0x000001901563f500 points into unknown readable memory: 0x0000019079a42200 | 00 22 a4 79 90 01 00 00
R13=0x0 is NULL
R14=0x00000047ec8ff538 is pointing into the stack for thread: 0x000001901563f220
R15=0x000001901563f220 is a thread


Top of Stack: (sp=0x00000047ec8ff180)
0x00000047ec8ff180:   0000019000000000 00000190132e5340
0x00000047ec8ff190:   00000000000003d8 000001901563f220
0x00000047ec8ff1a0:   00000190132e02a4 0000000000000010
0x00000047ec8ff1b0:   00000190132e0d50 00007ffe00000004
0x00000047ec8ff1c0:   0000000000000189 0000000000000005
0x00000047ec8ff1d0:   0000000000000000 0000000000000010
0x00000047ec8ff1e0:   0000000000000000 0000000000000001
0x00000047ec8ff1f0:   0000000000000000 00000047ec8ff2a9
0x00000047ec8ff200:   0000019013330000 00007ffeace8ccaa
0x00000047ec8ff210:   00000190132e0000 0000000000000003
0x00000047ec8ff220:   0000000000000005 0000000000000000
0x00000047ec8ff230:   0000000000000030 6d695f6176614a00
0x00000047ec8ff240:   75476d4900000002 6e696765426e5f69
0x00000047ec8ff250:   00000047ec8ff500 0000019024c5e7bd
0x00000047ec8ff260:   0000019024c4d810 0000000000000000
0x00000047ec8ff270:   00007ffe171fe700 0000001500000000
0x00000047ec8ff280:   0000000000000000 0000000000000000
0x00000047ec8ff290:   0000000000000000 0000000000000000
0x00000047ec8ff2a0:   00000047ec8ff2b9 0000000000000015
0x00000047ec8ff2b0:   0000000000000030 6176616a4c5f5f00
0x00000047ec8ff2c0:   74535f676e616c5f 0000325f676e6972
0x00000047ec8ff2d0:   0000000000000004 0000000000000000
0x00000047ec8ff2e0:   00000047ec8ff538 000001901563f500
0x00000047ec8ff2f0:   0000000000000005 00000047ec8ff3c0
0x00000047ec8ff300:   0000000000000009 00007ffeaaa61966
0x00000047ec8ff310:   0000000000000000 0000000000000005
0x00000047ec8ff320:   00007ffe0e408f80 00007ffe16f50000
0x00000047ec8ff330:   0000000000000005 00007ffe16f6eb43
0x00000047ec8ff340:   0000000000000005 000000000000000d
0x00000047ec8ff350:   0000000000000006 00007ffe16f22e38
0x00000047ec8ff360:   0000000000000000 0000000000000000
0x00000047ec8ff370:   0000000000000000 0000000000000000 

Instructions: (pc=0x00007ffe0e3e99b7)
0x00007ffe0e3e98b7:   fa e9 a7 fe ff ff 31 c0 4c 39 f5 49 89 f1 4c 89
0x00007ffe0e3e98c7:   e2 0f 94 c0 4c 89 e9 89 44 24 30 f3 0f 10 85 e4
0x00007ffe0e3e98d7:   00 00 00 f3 0f 11 44 24 28 8b 85 e0 00 00 00 89
0x00007ffe0e3e98e7:   44 24 20 4c 8b 85 d8 00 00 00 e8 da d0 fe ff e9
0x00007ffe0e3e98f7:   f2 fe ff ff 49 89 c7 e9 6d fc ff ff 4c 89 f1 49
0x00007ffe0e3e9907:   89 c4 e8 c2 d6 fe ff 48 89 d9 e8 ba d6 fe ff 4c
0x00007ffe0e3e9917:   89 e1 e8 72 ef 24 00 90 90 41 57 41 56 41 55 41
0x00007ffe0e3e9927:   54 55 57 56 53 48 81 ec 88 02 00 00 0f 11 b4 24
0x00007ffe0e3e9937:   e0 01 00 00 0f 11 bc 24 f0 01 00 00 44 0f 11 84
0x00007ffe0e3e9947:   24 00 02 00 00 44 0f 11 8c 24 10 02 00 00 44 0f
0x00007ffe0e3e9957:   11 94 24 20 02 00 00 44 0f 11 9c 24 30 02 00 00
0x00007ffe0e3e9967:   44 0f 11 a4 24 40 02 00 00 44 0f 11 ac 24 50 02
0x00007ffe0e3e9977:   00 00 44 0f 11 b4 24 60 02 00 00 44 0f 11 bc 24
0x00007ffe0e3e9987:   70 02 00 00 48 8b 35 b6 57 5f 00 48 89 8c 24 d0
0x00007ffe0e3e9997:   02 00 00 45 89 c5 48 89 94 24 d8 02 00 00 48 85
0x00007ffe0e3e99a7:   c9 0f 84 c2 2d 00 00 80 39 00 0f 84 39 02 00 00
0x00007ffe0e3e99b7:   80 be e8 3e 00 00 00 0f 84 71 02 00 00 8b 86 d8
0x00007ffe0e3e99c7:   3e 00 00 39 86 dc 3e 00 00 0f 84 3a 25 00 00 48
0x00007ffe0e3e99d7:   8b 8c 24 d0 02 00 00 e8 2d 65 fd ff 48 89 44 24
0x00007ffe0e3e99e7:   50 48 85 c0 0f 84 6f 24 00 00 48 8b 5c 24 50 45
0x00007ffe0e3e99f7:   89 e8 31 d2 48 89 d9 e8 6d 3b fd ff 44 89 ea 44
0x00007ffe0e3e9a07:   89 e8 81 e2 00 02 0c 00 83 c8 06 81 fa 00 02 0c
0x00007ffe0e3e9a17:   00 44 0f 44 e8 41 f7 c5 00 00 80 00 74 0d 41 f7
0x00007ffe0e3e9a27:   c5 00 00 00 01 0f 84 ce 25 00 00 44 8b 96 28 3f
0x00007ffe0e3e9a37:   00 00 8b ae d8 3e 00 00 31 c0 44 8b bb 78 02 00
0x00007ffe0e3e9a47:   00 45 85 d2 75 07 0f b6 86 e9 3e 00 00 88 83 d3
0x00007ffe0e3e9a57:   00 00 00 8d 45 ff 41 39 c7 0f 9c 44 24 60 41 f7
0x00007ffe0e3e9a67:   c5 00 00 00 04 0f 85 6e 23 00 00 44 0f b6 a3 d1
0x00007ffe0e3e9a77:   00 00 00 8b 7b 0c 41 39 ef 74 58 0f b6 44 24 60
0x00007ffe0e3e9a87:   88 83 d1 00 00 00 84 c0 0f 85 db 01 00 00 89 7b
0x00007ffe0e3e9a97:   10 66 0f ef c0 45 31 c9 44 89 ef 44 89 6b 0c f2
0x00007ffe0e3e9aa7:   0f 5a 86 d0 3e 00 00 89 ab 78 02 00 00 8b 86 48 


Stack slot to memory mapping:
stack at sp + 0 slots: 0x0000019000000000 points into unknown readable memory: 0x0000000000000000 | 00 00 00 00 00 00 00 00
stack at sp + 1 slots: 0x00000190132e5340 points into unknown readable memory: 0x00000190132e0d50 | 50 0d 2e 13 90 01 00 00
stack at sp + 2 slots: 0x00000000000003d8 is an unknown value
stack at sp + 3 slots: 0x000001901563f220 is a thread
stack at sp + 4 slots: 0x00000190132e02a4 points into unknown readable memory: 01 00 00 01
stack at sp + 5 slots: 0x0000000000000010 is an unknown value
stack at sp + 6 slots: 0x00000190132e0d50 points into unknown readable memory: 0x0000000000230000 | 00 00 23 00 00 00 00 00
stack at sp + 7 slots: 0x00007ffe00000004 is an unknown value


---------------  P R O C E S S  ---------------

Threads class SMR info:
_java_thread_list=0x00000190033c0720, length=16, elements={
0x000001901563f220, 0x0000019034144090, 0x0000019034144d90, 0x00000190341492a0,
0x000001903414cd00, 0x000001903414f650, 0x000001903415ca80, 0x0000019034163c30,
0x0000019034161b80, 0x000001903415cfd0, 0x000001903415bfe0, 0x000001903415a550,
0x00000190035225c0, 0x000001900352a540, 0x0000019003526030, 0x0000019003526ad0
}

Java Threads: ( => current thread )
=>0x000001901563f220 JavaThread "main" [_thread_in_native, id=5312, stack(0x00000047ec800000,0x00000047ec900000)]
  0x0000019034144090 JavaThread "Reference Handler" daemon [_thread_blocked, id=11876, stack(0x00000047ecf00000,0x00000047ed000000)]
  0x0000019034144d90 JavaThread "Finalizer" daemon [_thread_blocked, id=1848, stack(0x00000047ed000000,0x00000047ed100000)]
  0x00000190341492a0 JavaThread "Signal Dispatcher" daemon [_thread_blocked, id=17724, stack(0x00000047ed100000,0x00000047ed200000)]
  0x000001903414cd00 JavaThread "Attach Listener" daemon [_thread_blocked, id=3732, stack(0x00000047ed200000,0x00000047ed300000)]
  0x000001903414f650 JavaThread "Service Thread" daemon [_thread_blocked, id=19360, stack(0x00000047ed300000,0x00000047ed400000)]
  0x000001903415ca80 JavaThread "Monitor Deflation Thread" daemon [_thread_blocked, id=6804, stack(0x00000047ed400000,0x00000047ed500000)]
  0x0000019034163c30 JavaThread "C2 CompilerThread0" daemon [_thread_blocked, id=19504, stack(0x00000047ed500000,0x00000047ed600000)]
  0x0000019034161b80 JavaThread "C1 CompilerThread0" daemon [_thread_blocked, id=12556, stack(0x00000047ed600000,0x00000047ed700000)]
  0x000001903415cfd0 JavaThread "Common-Cleaner" daemon [_thread_blocked, id=2776, stack(0x00000047ed700000,0x00000047ed800000)]
  0x000001903415bfe0 JavaThread "Monitor Ctrl-Break" daemon [_thread_in_native, id=19976, stack(0x00000047ed800000,0x00000047ed900000)]
  0x000001903415a550 JavaThread "Notification Thread" daemon [_thread_blocked, id=4808, stack(0x00000047ed900000,0x00000047eda00000)]
  0x00000190035225c0 JavaThread "RMI TCP Accept-0" daemon [_thread_in_native, id=2808, stack(0x00000047ee300000,0x00000047ee400000)]
  0x000001900352a540 JavaThread "RMI TCP Connection(1)-192.168.188.31" daemon [_thread_in_native, id=14724, stack(0x00000047ee400000,0x00000047ee500000)]
  0x0000019003526030 JavaThread "RMI Scheduler(0)" daemon [_thread_blocked, id=3948, stack(0x00000047ee500000,0x00000047ee600000)]
  0x0000019003526ad0 JavaThread "JMX server connection timeout 26" daemon [_thread_blocked, id=9064, stack(0x00000047ee600000,0x00000047ee700000)]

Other Threads:
  0x0000019034128810 VMThread "VM Thread" [stack: 0x00000047ece00000,0x00000047ecf00000] [id=3420]
  0x0000019015640240 WatcherThread "VM Periodic Task Thread" [stack: 0x00000047eda00000,0x00000047edb00000] [id=19664]
  0x00000190156a6ec0 WorkerThread "GC Thread#0" [stack: 0x00000047ec900000,0x00000047eca00000] [id=14352]
  0x0000019003627470 WorkerThread "GC Thread#1" [stack: 0x00000047ee700000,0x00000047ee800000] [id=3192]
  0x0000019003627740 WorkerThread "GC Thread#2" [stack: 0x00000047ee800000,0x00000047ee900000] [id=15168]
  0x0000019003627a10 WorkerThread "GC Thread#3" [stack: 0x00000047ee900000,0x00000047eea00000] [id=16256]
  0x0000019003628820 WorkerThread "GC Thread#4" [stack: 0x00000047eea00000,0x00000047eeb00000] [id=4832]
  0x0000019003627ce0 WorkerThread "GC Thread#5" [stack: 0x00000047eeb00000,0x00000047eec00000] [id=20552]
  0x0000019003628af0 WorkerThread "GC Thread#6" [stack: 0x00000047eec00000,0x00000047eed00000] [id=10824]
  0x0000019003627fb0 WorkerThread "GC Thread#7" [stack: 0x00000047eed00000,0x00000047eee00000] [id=15204]
  0x00000190156b24e0 ConcurrentGCThread "G1 Main Marker" [stack: 0x00000047eca00000,0x00000047ecb00000] [id=8776]
  0x000001901342d8f0 WorkerThread "G1 Conc#0" [stack: 0x00000047ecb00000,0x00000047ecc00000] [id=21832]
  0x00000190156ee9f0 ConcurrentGCThread "G1 Refine#0" [stack: 0x00000047ecc00000,0x00000047ecd00000] [id=7268]
  0x0000019033fe66a0 ConcurrentGCThread "G1 Service" [stack: 0x00000047ecd00000,0x00000047ece00000] [id=14664]

Threads with active compile tasks:

VM state: not at safepoint (normal execution)

VM Mutex/Monitor currently owned by a thread: None

Heap address: 0x0000000721200000, size: 3566 MB, Compressed Oops mode: Zero based, Oop shift amount: 3

CDS archive(s) mapped at: [0x0000019034400000-0x0000019035060000-0x0000019035060000), size 12976128, SharedBaseAddress: 0x0000019034400000, ArchiveRelocationMode: 1.
Compressed class space mapped at: 0x0000019035400000-0x0000019075400000, reserved size: 1073741824
Narrow klass base: 0x0000019034400000, Narrow klass shift: 0, Narrow klass range: 0x100000000

GC Precious Log:
 CardTable entry size: 512
 Card Set container configuration: InlinePtr #cards 4 size 8 Array Of Cards #cards 16 size 48 Howl #buckets 8 coarsen threshold 3686 Howl Bitmap #cards 512 size 80 coarsen threshold 460 Card regions per heap region 1 cards per card region 4096
 CPUs: 8 total, 8 available
 Memory: 14263M
 Large Page Support: Disabled
 NUMA Support: Disabled
 Compressed Oops: Enabled (Zero based)
 Heap Region Size: 2M
 Heap Min Capacity: 8M
 Heap Initial Capacity: 224M
 Heap Max Capacity: 3566M
 Pre-touch: Disabled
 Parallel Workers: 8
 Concurrent Workers: 2
 Concurrent Refinement Workers: 8
 Periodic GC: Disabled

Heap:
 garbage-first heap   total 229376K, used 5296K [0x0000000721200000, 0x0000000800000000)
  region size 2048K, 3 young (6144K), 2 survivors (4096K)
 Metaspace       used 10392K, committed 10624K, reserved 1114112K
  class space    used 861K, committed 960K, reserved 1048576K

Heap Regions: E=young(eden), S=young(survivor), O=old, HS=humongous(starts), HC=humongous(continues), CS=collection set, F=free, OA=open archive, CA=closed archive, TAMS=top-at-mark-start, PB=parsable bottom
|   0|0x0000000721200000, 0x000000072132c000, 0x0000000721400000| 58%| O|  |TAMS 0x0000000721200000| PB 0x0000000721200000| Untracked 
|   1|0x0000000721400000, 0x0000000721400000, 0x0000000721600000|  0%| F|  |TAMS 0x0000000721400000| PB 0x0000000721400000| Untracked 
|   2|0x0000000721600000, 0x0000000721600000, 0x0000000721800000|  0%| F|  |TAMS 0x0000000721600000| PB 0x0000000721600000| Untracked 
|   3|0x0000000721800000, 0x0000000721800000, 0x0000000721a00000|  0%| F|  |TAMS 0x0000000721800000| PB 0x0000000721800000| Untracked 
|   4|0x0000000721a00000, 0x0000000721a00000, 0x0000000721c00000|  0%| F|  |TAMS 0x0000000721a00000| PB 0x0000000721a00000| Untracked 
|   5|0x0000000721c00000, 0x0000000721c00000, 0x0000000721e00000|  0%| F|  |TAMS 0x0000000721c00000| PB 0x0000000721c00000| Untracked 
|   6|0x0000000721e00000, 0x0000000721e00000, 0x0000000722000000|  0%| F|  |TAMS 0x0000000721e00000| PB 0x0000000721e00000| Untracked 
|   7|0x0000000722000000, 0x0000000722000000, 0x0000000722200000|  0%| F|  |TAMS 0x0000000722000000| PB 0x0000000722000000| Untracked 
|   8|0x0000000722200000, 0x0000000722200000, 0x0000000722400000|  0%| F|  |TAMS 0x0000000722200000| PB 0x0000000722200000| Untracked 
|   9|0x0000000722400000, 0x0000000722400000, 0x0000000722600000|  0%| F|  |TAMS 0x0000000722400000| PB 0x0000000722400000| Untracked 
|  10|0x0000000722600000, 0x0000000722600000, 0x0000000722800000|  0%| F|  |TAMS 0x0000000722600000| PB 0x0000000722600000| Untracked 
|  11|0x0000000722800000, 0x0000000722800000, 0x0000000722a00000|  0%| F|  |TAMS 0x0000000722800000| PB 0x0000000722800000| Untracked 
|  12|0x0000000722a00000, 0x0000000722a00000, 0x0000000722c00000|  0%| F|  |TAMS 0x0000000722a00000| PB 0x0000000722a00000| Untracked 
|  13|0x0000000722c00000, 0x0000000722c00000, 0x0000000722e00000|  0%| F|  |TAMS 0x0000000722c00000| PB 0x0000000722c00000| Untracked 
|  14|0x0000000722e00000, 0x0000000722e00000, 0x0000000723000000|  0%| F|  |TAMS 0x0000000722e00000| PB 0x0000000722e00000| Untracked 
|  15|0x0000000723000000, 0x0000000723000000, 0x0000000723200000|  0%| F|  |TAMS 0x0000000723000000| PB 0x0000000723000000| Untracked 
|  16|0x0000000723200000, 0x0000000723200000, 0x0000000723400000|  0%| F|  |TAMS 0x0000000723200000| PB 0x0000000723200000| Untracked 
|  17|0x0000000723400000, 0x0000000723400000, 0x0000000723600000|  0%| F|  |TAMS 0x0000000723400000| PB 0x0000000723400000| Untracked 
|  18|0x0000000723600000, 0x0000000723600000, 0x0000000723800000|  0%| F|  |TAMS 0x0000000723600000| PB 0x0000000723600000| Untracked 
|  19|0x0000000723800000, 0x0000000723800000, 0x0000000723a00000|  0%| F|  |TAMS 0x0000000723800000| PB 0x0000000723800000| Untracked 
|  20|0x0000000723a00000, 0x0000000723a00000, 0x0000000723c00000|  0%| F|  |TAMS 0x0000000723a00000| PB 0x0000000723a00000| Untracked 
|  21|0x0000000723c00000, 0x0000000723c00000, 0x0000000723e00000|  0%| F|  |TAMS 0x0000000723c00000| PB 0x0000000723c00000| Untracked 
|  22|0x0000000723e00000, 0x0000000723e00000, 0x0000000724000000|  0%| F|  |TAMS 0x0000000723e00000| PB 0x0000000723e00000| Untracked 
|  23|0x0000000724000000, 0x0000000724000000, 0x0000000724200000|  0%| F|  |TAMS 0x0000000724000000| PB 0x0000000724000000| Untracked 
|  24|0x0000000724200000, 0x0000000724200000, 0x0000000724400000|  0%| F|  |TAMS 0x0000000724200000| PB 0x0000000724200000| Untracked 
|  25|0x0000000724400000, 0x0000000724400000, 0x0000000724600000|  0%| F|  |TAMS 0x0000000724400000| PB 0x0000000724400000| Untracked 
|  26|0x0000000724600000, 0x0000000724600000, 0x0000000724800000|  0%| F|  |TAMS 0x0000000724600000| PB 0x0000000724600000| Untracked 
|  27|0x0000000724800000, 0x0000000724800000, 0x0000000724a00000|  0%| F|  |TAMS 0x0000000724800000| PB 0x0000000724800000| Untracked 
|  28|0x0000000724a00000, 0x0000000724a00000, 0x0000000724c00000|  0%| F|  |TAMS 0x0000000724a00000| PB 0x0000000724a00000| Untracked 
|  29|0x0000000724c00000, 0x0000000724c00000, 0x0000000724e00000|  0%| F|  |TAMS 0x0000000724c00000| PB 0x0000000724c00000| Untracked 
|  30|0x0000000724e00000, 0x0000000724e00000, 0x0000000725000000|  0%| F|  |TAMS 0x0000000724e00000| PB 0x0000000724e00000| Untracked 
|  31|0x0000000725000000, 0x0000000725000000, 0x0000000725200000|  0%| F|  |TAMS 0x0000000725000000| PB 0x0000000725000000| Untracked 
|  32|0x0000000725200000, 0x0000000725200000, 0x0000000725400000|  0%| F|  |TAMS 0x0000000725200000| PB 0x0000000725200000| Untracked 
|  33|0x0000000725400000, 0x0000000725400000, 0x0000000725600000|  0%| F|  |TAMS 0x0000000725400000| PB 0x0000000725400000| Untracked 
|  34|0x0000000725600000, 0x0000000725600000, 0x0000000725800000|  0%| F|  |TAMS 0x0000000725600000| PB 0x0000000725600000| Untracked 
|  35|0x0000000725800000, 0x0000000725800000, 0x0000000725a00000|  0%| F|  |TAMS 0x0000000725800000| PB 0x0000000725800000| Untracked 
|  36|0x0000000725a00000, 0x0000000725a00000, 0x0000000725c00000|  0%| F|  |TAMS 0x0000000725a00000| PB 0x0000000725a00000| Untracked 
|  37|0x0000000725c00000, 0x0000000725c00000, 0x0000000725e00000|  0%| F|  |TAMS 0x0000000725c00000| PB 0x0000000725c00000| Untracked 
|  38|0x0000000725e00000, 0x0000000725e00000, 0x0000000726000000|  0%| F|  |TAMS 0x0000000725e00000| PB 0x0000000725e00000| Untracked 
|  39|0x0000000726000000, 0x0000000726000000, 0x0000000726200000|  0%| F|  |TAMS 0x0000000726000000| PB 0x0000000726000000| Untracked 
|  40|0x0000000726200000, 0x0000000726200000, 0x0000000726400000|  0%| F|  |TAMS 0x0000000726200000| PB 0x0000000726200000| Untracked 
|  41|0x0000000726400000, 0x0000000726400000, 0x0000000726600000|  0%| F|  |TAMS 0x0000000726400000| PB 0x0000000726400000| Untracked 
|  42|0x0000000726600000, 0x0000000726600000, 0x0000000726800000|  0%| F|  |TAMS 0x0000000726600000| PB 0x0000000726600000| Untracked 
|  43|0x0000000726800000, 0x0000000726800000, 0x0000000726a00000|  0%| F|  |TAMS 0x0000000726800000| PB 0x0000000726800000| Untracked 
|  44|0x0000000726a00000, 0x0000000726a00000, 0x0000000726c00000|  0%| F|  |TAMS 0x0000000726a00000| PB 0x0000000726a00000| Untracked 
|  45|0x0000000726c00000, 0x0000000726c00000, 0x0000000726e00000|  0%| F|  |TAMS 0x0000000726c00000| PB 0x0000000726c00000| Untracked 
|  46|0x0000000726e00000, 0x0000000726e00000, 0x0000000727000000|  0%| F|  |TAMS 0x0000000726e00000| PB 0x0000000726e00000| Untracked 
|  47|0x0000000727000000, 0x0000000727000000, 0x0000000727200000|  0%| F|  |TAMS 0x0000000727000000| PB 0x0000000727000000| Untracked 
|  48|0x0000000727200000, 0x0000000727200000, 0x0000000727400000|  0%| F|  |TAMS 0x0000000727200000| PB 0x0000000727200000| Untracked 
|  49|0x0000000727400000, 0x0000000727400000, 0x0000000727600000|  0%| F|  |TAMS 0x0000000727400000| PB 0x0000000727400000| Untracked 
|  50|0x0000000727600000, 0x0000000727600000, 0x0000000727800000|  0%| F|  |TAMS 0x0000000727600000| PB 0x0000000727600000| Untracked 
|  51|0x0000000727800000, 0x0000000727800000, 0x0000000727a00000|  0%| F|  |TAMS 0x0000000727800000| PB 0x0000000727800000| Untracked 
|  52|0x0000000727a00000, 0x0000000727a00000, 0x0000000727c00000|  0%| F|  |TAMS 0x0000000727a00000| PB 0x0000000727a00000| Untracked 
|  53|0x0000000727c00000, 0x0000000727c00000, 0x0000000727e00000|  0%| F|  |TAMS 0x0000000727c00000| PB 0x0000000727c00000| Untracked 
|  54|0x0000000727e00000, 0x0000000727e00000, 0x0000000728000000|  0%| F|  |TAMS 0x0000000727e00000| PB 0x0000000727e00000| Untracked 
|  55|0x0000000728000000, 0x0000000728000000, 0x0000000728200000|  0%| F|  |TAMS 0x0000000728000000| PB 0x0000000728000000| Untracked 
|  56|0x0000000728200000, 0x0000000728200000, 0x0000000728400000|  0%| F|  |TAMS 0x0000000728200000| PB 0x0000000728200000| Untracked 
|  57|0x0000000728400000, 0x0000000728400000, 0x0000000728600000|  0%| F|  |TAMS 0x0000000728400000| PB 0x0000000728400000| Untracked 
|  58|0x0000000728600000, 0x0000000728600000, 0x0000000728800000|  0%| F|  |TAMS 0x0000000728600000| PB 0x0000000728600000| Untracked 
|  59|0x0000000728800000, 0x0000000728800000, 0x0000000728a00000|  0%| F|  |TAMS 0x0000000728800000| PB 0x0000000728800000| Untracked 
|  60|0x0000000728a00000, 0x0000000728a00000, 0x0000000728c00000|  0%| F|  |TAMS 0x0000000728a00000| PB 0x0000000728a00000| Untracked 
|  61|0x0000000728c00000, 0x0000000728c00000, 0x0000000728e00000|  0%| F|  |TAMS 0x0000000728c00000| PB 0x0000000728c00000| Untracked 
|  62|0x0000000728e00000, 0x0000000728e00000, 0x0000000729000000|  0%| F|  |TAMS 0x0000000728e00000| PB 0x0000000728e00000| Untracked 
|  63|0x0000000729000000, 0x0000000729000000, 0x0000000729200000|  0%| F|  |TAMS 0x0000000729000000| PB 0x0000000729000000| Untracked 
|  64|0x0000000729200000, 0x0000000729200000, 0x0000000729400000|  0%| F|  |TAMS 0x0000000729200000| PB 0x0000000729200000| Untracked 
|  65|0x0000000729400000, 0x0000000729400000, 0x0000000729600000|  0%| F|  |TAMS 0x0000000729400000| PB 0x0000000729400000| Untracked 
|  66|0x0000000729600000, 0x0000000729600000, 0x0000000729800000|  0%| F|  |TAMS 0x0000000729600000| PB 0x0000000729600000| Untracked 
|  67|0x0000000729800000, 0x0000000729800000, 0x0000000729a00000|  0%| F|  |TAMS 0x0000000729800000| PB 0x0000000729800000| Untracked 
|  68|0x0000000729a00000, 0x0000000729a00000, 0x0000000729c00000|  0%| F|  |TAMS 0x0000000729a00000| PB 0x0000000729a00000| Untracked 
|  69|0x0000000729c00000, 0x0000000729c00000, 0x0000000729e00000|  0%| F|  |TAMS 0x0000000729c00000| PB 0x0000000729c00000| Untracked 
|  70|0x0000000729e00000, 0x0000000729e00000, 0x000000072a000000|  0%| F|  |TAMS 0x0000000729e00000| PB 0x0000000729e00000| Untracked 
|  71|0x000000072a000000, 0x000000072a000000, 0x000000072a200000|  0%| F|  |TAMS 0x000000072a000000| PB 0x000000072a000000| Untracked 
|  72|0x000000072a200000, 0x000000072a200000, 0x000000072a400000|  0%| F|  |TAMS 0x000000072a200000| PB 0x000000072a200000| Untracked 
|  73|0x000000072a400000, 0x000000072a400000, 0x000000072a600000|  0%| F|  |TAMS 0x000000072a400000| PB 0x000000072a400000| Untracked 
|  74|0x000000072a600000, 0x000000072a600000, 0x000000072a800000|  0%| F|  |TAMS 0x000000072a600000| PB 0x000000072a600000| Untracked 
|  75|0x000000072a800000, 0x000000072a800000, 0x000000072aa00000|  0%| F|  |TAMS 0x000000072a800000| PB 0x000000072a800000| Untracked 
|  76|0x000000072aa00000, 0x000000072aa00000, 0x000000072ac00000|  0%| F|  |TAMS 0x000000072aa00000| PB 0x000000072aa00000| Untracked 
|  77|0x000000072ac00000, 0x000000072ac00000, 0x000000072ae00000|  0%| F|  |TAMS 0x000000072ac00000| PB 0x000000072ac00000| Untracked 
|  78|0x000000072ae00000, 0x000000072ae00000, 0x000000072b000000|  0%| F|  |TAMS 0x000000072ae00000| PB 0x000000072ae00000| Untracked 
|  79|0x000000072b000000, 0x000000072b000000, 0x000000072b200000|  0%| F|  |TAMS 0x000000072b000000| PB 0x000000072b000000| Untracked 
|  80|0x000000072b200000, 0x000000072b200000, 0x000000072b400000|  0%| F|  |TAMS 0x000000072b200000| PB 0x000000072b200000| Untracked 
|  81|0x000000072b400000, 0x000000072b400000, 0x000000072b600000|  0%| F|  |TAMS 0x000000072b400000| PB 0x000000072b400000| Untracked 
|  82|0x000000072b600000, 0x000000072b600000, 0x000000072b800000|  0%| F|  |TAMS 0x000000072b600000| PB 0x000000072b600000| Untracked 
|  83|0x000000072b800000, 0x000000072b800000, 0x000000072ba00000|  0%| F|  |TAMS 0x000000072b800000| PB 0x000000072b800000| Untracked 
|  84|0x000000072ba00000, 0x000000072ba00000, 0x000000072bc00000|  0%| F|  |TAMS 0x000000072ba00000| PB 0x000000072ba00000| Untracked 
|  85|0x000000072bc00000, 0x000000072bc00000, 0x000000072be00000|  0%| F|  |TAMS 0x000000072bc00000| PB 0x000000072bc00000| Untracked 
|  86|0x000000072be00000, 0x000000072be00000, 0x000000072c000000|  0%| F|  |TAMS 0x000000072be00000| PB 0x000000072be00000| Untracked 
|  87|0x000000072c000000, 0x000000072c000000, 0x000000072c200000|  0%| F|  |TAMS 0x000000072c000000| PB 0x000000072c000000| Untracked 
|  88|0x000000072c200000, 0x000000072c200000, 0x000000072c400000|  0%| F|  |TAMS 0x000000072c200000| PB 0x000000072c200000| Untracked 
|  89|0x000000072c400000, 0x000000072c400000, 0x000000072c600000|  0%| F|  |TAMS 0x000000072c400000| PB 0x000000072c400000| Untracked 
|  90|0x000000072c600000, 0x000000072c600000, 0x000000072c800000|  0%| F|  |TAMS 0x000000072c600000| PB 0x000000072c600000| Untracked 
|  91|0x000000072c800000, 0x000000072c800000, 0x000000072ca00000|  0%| F|  |TAMS 0x000000072c800000| PB 0x000000072c800000| Untracked 
|  92|0x000000072ca00000, 0x000000072ca00000, 0x000000072cc00000|  0%| F|  |TAMS 0x000000072ca00000| PB 0x000000072ca00000| Untracked 
|  93|0x000000072cc00000, 0x000000072cc00000, 0x000000072ce00000|  0%| F|  |TAMS 0x000000072cc00000| PB 0x000000072cc00000| Untracked 
|  94|0x000000072ce00000, 0x000000072ce00000, 0x000000072d000000|  0%| F|  |TAMS 0x000000072ce00000| PB 0x000000072ce00000| Untracked 
|  95|0x000000072d000000, 0x000000072d000000, 0x000000072d200000|  0%| F|  |TAMS 0x000000072d000000| PB 0x000000072d000000| Untracked 
|  96|0x000000072d200000, 0x000000072d200000, 0x000000072d400000|  0%| F|  |TAMS 0x000000072d200000| PB 0x000000072d200000| Untracked 
|  97|0x000000072d400000, 0x000000072d400000, 0x000000072d600000|  0%| F|  |TAMS 0x000000072d400000| PB 0x000000072d400000| Untracked 
|  98|0x000000072d600000, 0x000000072d600000, 0x000000072d800000|  0%| F|  |TAMS 0x000000072d600000| PB 0x000000072d600000| Untracked 
|  99|0x000000072d800000, 0x000000072da00000, 0x000000072da00000|100%| S|CS|TAMS 0x000000072d800000| PB 0x000000072d800000| Complete 
| 100|0x000000072da00000, 0x000000072dc00000, 0x000000072dc00000|100%| S|CS|TAMS 0x000000072da00000| PB 0x000000072da00000| Complete 
| 101|0x000000072dc00000, 0x000000072dc00000, 0x000000072de00000|  0%| F|  |TAMS 0x000000072dc00000| PB 0x000000072dc00000| Untracked 
| 102|0x000000072de00000, 0x000000072de00000, 0x000000072e000000|  0%| F|  |TAMS 0x000000072de00000| PB 0x000000072de00000| Untracked 
| 103|0x000000072e000000, 0x000000072e000000, 0x000000072e200000|  0%| F|  |TAMS 0x000000072e000000| PB 0x000000072e000000| Untracked 
| 104|0x000000072e200000, 0x000000072e200000, 0x000000072e400000|  0%| F|  |TAMS 0x000000072e200000| PB 0x000000072e200000| Untracked 
| 105|0x000000072e400000, 0x000000072e400000, 0x000000072e600000|  0%| F|  |TAMS 0x000000072e400000| PB 0x000000072e400000| Untracked 
| 106|0x000000072e600000, 0x000000072e600000, 0x000000072e800000|  0%| F|  |TAMS 0x000000072e600000| PB 0x000000072e600000| Untracked 
| 107|0x000000072e800000, 0x000000072e800000, 0x000000072ea00000|  0%| F|  |TAMS 0x000000072e800000| PB 0x000000072e800000| Untracked 
| 108|0x000000072ea00000, 0x000000072ea00000, 0x000000072ec00000|  0%| F|  |TAMS 0x000000072ea00000| PB 0x000000072ea00000| Untracked 
| 109|0x000000072ec00000, 0x000000072ec00000, 0x000000072ee00000|  0%| F|  |TAMS 0x000000072ec00000| PB 0x000000072ec00000| Untracked 
| 110|0x000000072ee00000, 0x000000072ee00000, 0x000000072f000000|  0%| F|  |TAMS 0x000000072ee00000| PB 0x000000072ee00000| Untracked 
| 111|0x000000072f000000, 0x000000072f1e88a8, 0x000000072f200000| 95%| E|  |TAMS 0x000000072f000000| PB 0x000000072f000000| Complete 

Card table byte_map: [0x000001902d130000,0x000001902d830000] _byte_map_base: 0x0000019029827000

Marking Bits: (CMBitMap*) 0x00000190156a74f0
 Bits: [0x000001902df30000, 0x00000190316e8000)

Polling page: 0x00000190135d0000

Metaspace:

Usage:
  Non-class:      9.31 MB used.
      Class:    861.98 KB used.
       Both:     10.15 MB used.

Virtual space:
  Non-class space:       64.00 MB reserved,       9.44 MB ( 15%) committed,  1 nodes.
      Class space:        1.00 GB reserved,     960.00 KB ( <1%) committed,  1 nodes.
             Both:        1.06 GB reserved,      10.38 MB ( <1%) committed. 

Chunk freelists:
   Non-Class:  1.75 MB
       Class:  3.00 MB
        Both:  4.75 MB

MaxMetaspaceSize: unlimited
CompressedClassSpaceSize: 1.00 GB
Initial GC threshold: 21.00 MB
Current GC threshold: 21.00 MB
CDS: on
MetaspaceReclaimPolicy: balanced
 - commit_granule_bytes: 65536.
 - commit_granule_words: 8192.
 - virtual_space_node_default_size: 8388608.
 - enlarge_chunks_in_place: 1.
 - new_chunks_are_fully_committed: 0.
 - uncommit_free_chunks: 1.
 - use_allocation_guard: 0.


Internal statistics:

num_allocs_failed_limit: 0.
num_arena_births: 302.
num_arena_deaths: 0.
num_vsnodes_births: 2.
num_vsnodes_deaths: 0.
num_space_committed: 164.
num_space_uncommitted: 0.
num_chunks_returned_to_freelist: 0.
num_chunks_taken_from_freelist: 527.
num_chunk_merges: 0.
num_chunk_splits: 311.
num_chunks_enlarged: 157.
num_inconsistent_stats: 0.

CodeHeap 'non-profiled nmethods': size=120000Kb used=484Kb max_used=484Kb free=119515Kb
 bounds [0x00000190251d0000, 0x0000019025440000, 0x000001902c700000]
CodeHeap 'profiled nmethods': size=120000Kb used=2524Kb max_used=2524Kb free=117475Kb
 bounds [0x000001901d700000, 0x000001901d980000, 0x0000019024c30000]
CodeHeap 'non-nmethods': size=5760Kb used=2389Kb max_used=2389Kb free=3370Kb
 bounds [0x0000019024c30000, 0x0000019024ea0000, 0x00000190251d0000]
 total_blobs=2883 nmethods=1611 adapters=1183
 compilation: enabled
              stopped_count=0, restarted_count=0
 full_count=0

Compilation events (20 events):
Event: 2.051 Thread 0x0000019034163c30 nmethod 1596 0x0000019025247690 code [0x0000019025247820, 0x0000019025247c98]
Event: 2.051 Thread 0x0000019034163c30 1601       4       jdk.internal.misc.Blocker::end (71 bytes)
Event: 2.052 Thread 0x0000019034163c30 nmethod 1601 0x0000019025247e90 code [0x0000019025248000, 0x0000019025248090]
Event: 2.052 Thread 0x0000019034163c30 1602       4       java.util.Objects::equals (23 bytes)
Event: 2.052 Thread 0x0000019034163c30 nmethod 1602 0x0000019025248190 code [0x0000019025248300, 0x00000190252483b0]
Event: 2.053 Thread 0x0000019034161b80 1603       3       java.util.concurrent.ConcurrentHashMap::sumCount (60 bytes)
Event: 2.053 Thread 0x0000019034161b80 nmethod 1603 0x000001901d975790 code [0x000001901d975920, 0x000001901d975b90]
Event: 2.053 Thread 0x0000019034163c30 1604       4       java.util.zip.ZipFile::ensureOpen (40 bytes)
Event: 2.054 Thread 0x0000019034161b80 1605       1       java.util.jar.Manifest::getEntries (5 bytes)
Event: 2.054 Thread 0x0000019034161b80 nmethod 1605 0x0000019025248490 code [0x0000019025248600, 0x00000190252486d0]
Event: 2.054 Thread 0x0000019034161b80 1606       1       java.util.jar.Manifest::getMainAttributes (5 bytes)
Event: 2.054 Thread 0x0000019034161b80 nmethod 1606 0x0000019025248790 code [0x0000019025248900, 0x00000190252489d0]
Event: 2.054 Thread 0x0000019034161b80 1607       1       java.util.zip.ZipEntry::getCrc (5 bytes)
Event: 2.054 Thread 0x0000019034161b80 nmethod 1607 0x0000019025248a90 code [0x0000019025248c00, 0x0000019025248cc8]
Event: 2.054 Thread 0x0000019034163c30 nmethod 1604 0x0000019025248d90 code [0x0000019025248f00, 0x0000019025248fc8]
Event: 2.056 Thread 0x0000019034161b80 1608       3       jdk.internal.loader.URLClassPath::getResource (74 bytes)
Event: 2.057 Thread 0x0000019034161b80 nmethod 1608 0x000001901d975c90 code [0x000001901d975e40, 0x000001901d976198]
Event: 2.062 Thread 0x0000019034161b80 1609       3       java.util.concurrent.ConcurrentHashMap::values (25 bytes)
Event: 2.062 Thread 0x0000019034161b80 nmethod 1609 0x000001901d976310 code [0x000001901d9764c0, 0x000001901d976878]
Event: 2.062 Thread 0x0000019034161b80 1610       3       java.util.concurrent.ConcurrentHashMap$ValuesView::iterator (34 bytes)

GC Heap History (2 events):
Event: 0.920 GC heap before
{Heap before GC invocations=0 (full 0):
 garbage-first heap   total 229376K, used 22528K [0x0000000721200000, 0x0000000800000000)
  region size 2048K, 11 young (22528K), 0 survivors (0K)
 Metaspace       used 9516K, committed 9792K, reserved 1114112K
  class space    used 841K, committed 960K, reserved 1048576K
}
Event: 0.926 GC heap after
{Heap after GC invocations=1 (full 0):
 garbage-first heap   total 229376K, used 5296K [0x0000000721200000, 0x0000000800000000)
  region size 2048K, 2 young (4096K), 2 survivors (4096K)
 Metaspace       used 9516K, committed 9792K, reserved 1114112K
  class space    used 841K, committed 960K, reserved 1048576K
}

Dll operation events (17 events):
Event: 0.014 Loaded shared library C:\Program Files\Java\jdk-20\bin\java.dll
Event: 0.036 Loaded shared library C:\Program Files\Java\jdk-20\bin\jsvml.dll
Event: 0.166 Loaded shared library C:\Program Files\Java\jdk-20\bin\zip.dll
Event: 0.169 Loaded shared library C:\Program Files\Java\jdk-20\bin\instrument.dll
Event: 0.177 Loaded shared library C:\Program Files\Java\jdk-20\bin\net.dll
Event: 0.182 Loaded shared library C:\Program Files\Java\jdk-20\bin\nio.dll
Event: 0.186 Loaded shared library C:\Program Files\Java\jdk-20\bin\zip.dll
Event: 0.285 Loaded shared library C:\Program Files\JetBrains\IntelliJ IDEA 2024.3\bin\breakgen64.dll
Event: 0.300 Loaded shared library C:\Program Files\Java\jdk-20\bin\extnet.dll
Event: 0.340 Loaded shared library C:\Program Files\Java\jdk-20\bin\jimage.dll
Event: 0.379 Loaded shared library C:\Users\Administrator\AppData\Local\Temp\lwjgl_Administrator\3.3.4+7\x64\lwjgl.dll
Event: 0.402 Loaded shared library C:\Program Files\Java\jdk-20\bin\management.dll
Event: 0.417 Loaded shared library C:\Program Files\Java\jdk-20\bin\management_ext.dll
Event: 0.689 Loaded shared library C:\Users\Administrator\AppData\Local\Temp\lwjgl_Administrator\3.3.4+7\x64\lwjgl_opengl.dll
Event: 0.790 Loaded shared library C:\Users\Administrator\AppData\Local\Temp\lwjgl_Administrator\3.3.4+7\x64\lwjgl_stb.dll
Event: 0.831 Loaded shared library C:\Program Files\Java\jdk-20\bin\verify.dll
Event: 2.045 Loaded shared library C:\Users\Administrator\AppData\Local\Temp\imgui-java-natives\1.87.0\imgui-java64.dll

Deoptimization events (20 events):
Event: 0.791 Thread 0x000001901563f220 Uncommon trap: trap_request=0xffffffde fr.pc=0x00000190251f75d0 relative=0x0000000000000290
Event: 0.791 Thread 0x000001901563f220 Uncommon trap: reason=class_check action=maybe_recompile pc=0x00000190251f75d0 method=java.util.regex.Pattern$BmpCharPropertyGreedy.match(Ljava/util/regex/Matcher;ILjava/lang/CharSequence;)Z @ 26 c2
Event: 0.791 Thread 0x000001901563f220 DEOPT PACKING pc=0x00000190251f75d0 sp=0x00000047ec8fd8b0
Event: 0.791 Thread 0x000001901563f220 DEOPT UNPACKING pc=0x0000019024c99d22 sp=0x00000047ec8fd848 mode 2
Event: 0.814 Thread 0x0000019003526030 Uncommon trap: trap_request=0xffffffc6 fr.pc=0x0000019025213698 relative=0x00000000000001f8
Event: 0.814 Thread 0x0000019003526030 Uncommon trap: reason=bimorphic_or_optimized_type_check action=maybe_recompile pc=0x0000019025213698 method=java.util.concurrent.locks.AbstractQueuedSynchronizer.release(I)Z @ 2 c2
Event: 0.814 Thread 0x0000019003526030 DEOPT PACKING pc=0x0000019025213698 sp=0x00000047ee5ff400
Event: 0.814 Thread 0x0000019003526030 DEOPT UNPACKING pc=0x0000019024c99d22 sp=0x00000047ee5ff3c8 mode 2
Event: 0.814 Thread 0x0000019003526030 Uncommon trap: trap_request=0xffffff45 fr.pc=0x0000019025213634 relative=0x0000000000000194
Event: 0.814 Thread 0x0000019003526030 Uncommon trap: reason=unstable_if action=reinterpret pc=0x0000019025213634 method=java.util.concurrent.locks.AbstractQueuedSynchronizer.signalNext(Ljava/util/concurrent/locks/AbstractQueuedSynchronizer$Node;)V @ 1 c2
Event: 0.814 Thread 0x0000019003526030 DEOPT PACKING pc=0x0000019025213634 sp=0x00000047ee5ff1a0
Event: 0.814 Thread 0x0000019003526030 DEOPT UNPACKING pc=0x0000019024c99d22 sp=0x00000047ee5ff108 mode 2
Event: 0.832 Thread 0x000001900352a540 Uncommon trap: trap_request=0xffffff45 fr.pc=0x00000190251f87c0 relative=0x0000000000000040
Event: 0.832 Thread 0x000001900352a540 Uncommon trap: reason=unstable_if action=reinterpret pc=0x00000190251f87c0 method=java.util.concurrent.locks.AbstractQueuedSynchronizer.signalNext(Ljava/util/concurrent/locks/AbstractQueuedSynchronizer$Node;)V @ 1 c2
Event: 0.832 Thread 0x000001900352a540 DEOPT PACKING pc=0x00000190251f87c0 sp=0x00000047ee4fe4d0
Event: 0.832 Thread 0x000001900352a540 DEOPT UNPACKING pc=0x0000019024c99d22 sp=0x00000047ee4fe460 mode 2
Event: 0.928 Thread 0x000001901563f220 Uncommon trap: trap_request=0xffffff45 fr.pc=0x000001902523b568 relative=0x00000000000000e8
Event: 0.928 Thread 0x000001901563f220 Uncommon trap: reason=unstable_if action=reinterpret pc=0x000001902523b568 method=java.lang.ref.SoftReference.get()Ljava/lang/Object; @ 17 c2
Event: 0.928 Thread 0x000001901563f220 DEOPT PACKING pc=0x000001902523b568 sp=0x00000047ec8fcb10
Event: 0.928 Thread 0x000001901563f220 DEOPT UNPACKING pc=0x0000019024c99d22 sp=0x00000047ec8fcac8 mode 2

Classes loaded (20 events):
Event: 0.842 Loading class javax/management/MalformedObjectNameException
Event: 0.842 Loading class javax/management/MalformedObjectNameException done
Event: 0.846 Loading class javax/management/remote/rmi/RMIConnectionImpl$PrivilegedOperation
Event: 0.846 Loading class javax/management/remote/rmi/RMIConnectionImpl$PrivilegedOperation done
Event: 0.851 Loading class sun/reflect/misc/MethodUtil
Event: 0.852 Loading class sun/reflect/misc/MethodUtil done
Event: 0.852 Loading class sun/reflect/misc/MethodUtil$1
Event: 0.852 Loading class sun/reflect/misc/MethodUtil$1 done
Event: 0.852 Loading class java/security/AllPermissionCollection
Event: 0.853 Loading class java/security/AllPermissionCollection done
Event: 0.935 Loading class java/nio/file/AccessDeniedException
Event: 0.935 Loading class java/nio/file/AccessDeniedException done
Event: 0.935 Loading class java/io/UncheckedIOException
Event: 0.935 Loading class java/io/UncheckedIOException done
Event: 0.947 Loading class java/nio/file/FileAlreadyExistsException
Event: 0.947 Loading class java/nio/file/FileAlreadyExistsException done
Event: 0.947 Loading class java/nio/file/Path$1
Event: 0.947 Loading class java/nio/file/Path$1 done
Event: 0.948 Loading class java/nio/file/StandardCopyOption
Event: 0.948 Loading class java/nio/file/StandardCopyOption done

Classes unloaded (0 events):
No events

Classes redefined (0 events):
No events

Internal exceptions (20 events):
Event: 0.720 Thread 0x000001903414cd00 Exception <a 'java/lang/NoSuchMethodError'{0x000000072e010f38}: 'java.lang.Object java.lang.invoke.DirectMethodHandle$Holder.invokeStaticInit(java.lang.Object, java.lang.Object, int, int, int, int)'> (0x000000072e010f38) 
thrown [s\open\src\hotspot\share\interpreter\linkResolver.cpp, line 773]
Event: 0.740 Thread 0x000001903414cd00 Exception <a 'java/lang/ClassNotFoundException'{0x000000072e0306b0}: javax/management/remote/rmi/RMIServerImpl_Skel> (0x000000072e0306b0) 
thrown [s\open\src\hotspot\share\classfile\systemDictionary.cpp, line 305]
Event: 0.753 Thread 0x000001903414cd00 Exception <a 'java/lang/NoSuchMethodError'{0x000000072e04a2a8}: 'long java.lang.invoke.DirectMethodHandle$Holder.invokeSpecial(java.lang.Object, java.lang.Object)'> (0x000000072e04a2a8) 
thrown [s\open\src\hotspot\share\interpreter\linkResolver.cpp, line 773]
Event: 0.754 Thread 0x000001903414cd00 Exception <a 'java/lang/NoSuchMethodError'{0x000000072e04d970}: 'long java.lang.invoke.Invokers$Holder.invokeExact_MT(java.lang.Object, java.lang.Object)'> (0x000000072e04d970) 
thrown [s\open\src\hotspot\share\interpreter\linkResolver.cpp, line 773]
Event: 0.775 Thread 0x000001901563f220 Exception <a 'java/lang/NoSuchMethodError'{0x000000072e0b4e08}: 'void java.lang.System.load(java.lang.String, java.lang.Class)'> (0x000000072e0b4e08) 
thrown [s\open\src\hotspot\share\interpreter\linkResolver.cpp, line 773]
Event: 0.776 Thread 0x000001901563f220 Exception <a 'java/lang/NoSuchMethodError'{0x000000072e0b7bf8}: 'void java.lang.System.loadLibrary(java.lang.String, java.lang.Class)'> (0x000000072e0b7bf8) 
thrown [s\open\src\hotspot\share\interpreter\linkResolver.cpp, line 773]
Event: 0.786 Thread 0x000001901563f220 Exception <a 'sun/nio/fs/WindowsException'{0x000000072e0c7f88}> (0x000000072e0c7f88) 
thrown [s\open\src\hotspot\share\prims\jni.cpp, line 519]
Event: 0.786 Thread 0x000001901563f220 Exception <a 'sun/nio/fs/WindowsException'{0x000000072e0c8348}> (0x000000072e0c8348) 
thrown [s\open\src\hotspot\share\prims\jni.cpp, line 519]
Event: 0.815 Thread 0x000001900352a540 Exception <a 'java/lang/NoSuchMethodError'{0x000000072deaa320}: static [B.<clinit>()V> (0x000000072deaa320) 
thrown [s\open\src\hotspot\share\prims\jni.cpp, line 1105]
Event: 0.817 Thread 0x000001900352a540 Exception <a 'java/lang/NoSuchMethodError'{0x000000072deaea10}: 'java.lang.Object java.lang.invoke.DirectMethodHandle$Holder.invokeInterface(java.lang.Object, java.lang.Object, java.lang.Object)'> (0x000000072deaea10) 
thrown [s\open\src\hotspot\share\interpreter\linkResolver.cpp, line 773]
Event: 0.827 Thread 0x000001900352a540 Exception <a 'java/lang/ClassNotFoundException'{0x000000072ded3890}: javax/management/remote/rmi/RMIConnectionImpl_Skel> (0x000000072ded3890) 
thrown [s\open\src\hotspot\share\classfile\systemDictionary.cpp, line 305]
Event: 0.837 Thread 0x000001900352a540 Exception <a 'java/lang/NoSuchMethodError'{0x000000072dd08978}: 'java.lang.Object java.lang.invoke.DirectMethodHandle$Holder.invokeInterface(java.lang.Object, java.lang.Object)'> (0x000000072dd08978) 
thrown [s\open\src\hotspot\share\interpreter\linkResolver.cpp, line 773]
Event: 0.844 Thread 0x000001900352a540 Exception <a 'java/lang/NoSuchMethodError'{0x000000072dd28748}: 'int java.lang.invoke.DelegatingMethodHandle$Holder.reinvoke_L(java.lang.Object, java.lang.Object, java.lang.Object, java.lang.Object, java.lang.Object)'> (0x000000072dd28748) 
thrown [s\open\src\hotspot\share\interpreter\linkResolver.cpp, line 773]
Event: 0.849 Thread 0x000001900352a540 Exception <a 'java/lang/NoSuchMethodError'{0x000000072dd44080}: 'java.lang.Object java.lang.invoke.DirectMethodHandle$Holder.invokeInterface(java.lang.Object, java.lang.Object, java.lang.Object, java.lang.Object, java.lang.Object)'> (0x000000072dd44080) 
thrown [s\open\src\hotspot\share\interpreter\linkResolver.cpp, line 773]
Event: 0.855 Thread 0x000001900352a540 Exception <a 'java/lang/NoSuchMethodError'{0x000000072dd6a968}: 'double java.lang.invoke.DirectMethodHandle$Holder.invokeInterface(java.lang.Object, java.lang.Object)'> (0x000000072dd6a968) 
thrown [s\open\src\hotspot\share\interpreter\linkResolver.cpp, line 773]
Event: 0.856 Thread 0x000001900352a540 Exception <a 'java/lang/NoSuchMethodError'{0x000000072dd72320}: 'double java.lang.invoke.DelegatingMethodHandle$Holder.reinvoke_L(java.lang.Object, java.lang.Object)'> (0x000000072dd72320) 
thrown [s\open\src\hotspot\share\interpreter\linkResolver.cpp, line 773]
Event: 0.946 Thread 0x000001901563f220 Exception <a 'sun/nio/fs/WindowsException'{0x000000072f0ede60}> (0x000000072f0ede60) 
thrown [s\open\src\hotspot\share\prims\jni.cpp, line 519]
Event: 0.947 Thread 0x000001901563f220 Exception <a 'sun/nio/fs/WindowsException'{0x000000072f0ee2d8}> (0x000000072f0ee2d8) 
thrown [s\open\src\hotspot\share\prims\jni.cpp, line 519]
Event: 0.947 Thread 0x000001901563f220 Exception <a 'sun/nio/fs/WindowsException'{0x000000072f0ee778}> (0x000000072f0ee778) 
thrown [s\open\src\hotspot\share\prims\jni.cpp, line 519]
Event: 0.949 Thread 0x000001901563f220 Exception <a 'sun/nio/fs/WindowsException'{0x000000072f0efff8}> (0x000000072f0efff8) 
thrown [s\open\src\hotspot\share\prims\jni.cpp, line 519]

VM Operations (20 events):
Event: 0.289 Executing VM operation: HandshakeAllThreads
Event: 0.289 Executing VM operation: HandshakeAllThreads done
Event: 0.368 Executing VM operation: HandshakeAllThreads
Event: 0.368 Executing VM operation: HandshakeAllThreads done
Event: 0.409 Executing VM operation: HandshakeAllThreads
Event: 0.409 Executing VM operation: HandshakeAllThreads done
Event: 0.409 Executing VM operation: HandshakeAllThreads
Event: 0.409 Executing VM operation: HandshakeAllThreads done
Event: 0.628 Executing VM operation: HandshakeAllThreads
Event: 0.628 Executing VM operation: HandshakeAllThreads done
Event: 0.734 Executing VM operation: ICBufferFull
Event: 0.734 Executing VM operation: ICBufferFull done
Event: 0.738 Executing VM operation: HandshakeAllThreads
Event: 0.738 Executing VM operation: HandshakeAllThreads done
Event: 0.826 Executing VM operation: HandshakeAllThreads
Event: 0.826 Executing VM operation: HandshakeAllThreads done
Event: 0.920 Executing VM operation: G1CollectForAllocation
Event: 0.927 Executing VM operation: G1CollectForAllocation done
Event: 1.941 Executing VM operation: Cleanup
Event: 1.941 Executing VM operation: Cleanup done

Events (20 events):
Event: 0.036 Thread 0x000001901563f220 Thread added: 0x000001901563f220
Event: 0.051 Thread 0x0000019034144090 Thread added: 0x0000019034144090
Event: 0.051 Thread 0x0000019034144d90 Thread added: 0x0000019034144d90
Event: 0.051 Thread 0x00000190341492a0 Thread added: 0x00000190341492a0
Event: 0.051 Thread 0x000001903414cd00 Thread added: 0x000001903414cd00
Event: 0.051 Thread 0x000001903414f650 Thread added: 0x000001903414f650
Event: 0.051 Thread 0x000001903415ca80 Thread added: 0x000001903415ca80
Event: 0.051 Thread 0x0000019034163c30 Thread added: 0x0000019034163c30
Event: 0.051 Thread 0x0000019034161b80 Thread added: 0x0000019034161b80
Event: 0.145 Thread 0x000001903415cfd0 Thread added: 0x000001903415cfd0
Event: 0.286 Thread 0x000001903415bfe0 Thread added: 0x000001903415bfe0
Event: 0.286 Thread 0x000001903415a550 Thread added: 0x000001903415a550
Event: 0.361 Thread 0x00000190799429a0 Thread added: 0x00000190799429a0
Event: 0.361 Thread 0x0000019079942f30 Thread added: 0x0000019079942f30
Event: 0.750 Thread 0x00000190035225c0 Thread added: 0x00000190035225c0
Event: 0.781 Thread 0x000001900352a540 Thread added: 0x000001900352a540
Event: 0.814 Thread 0x0000019003526030 Thread added: 0x0000019003526030
Event: 0.824 Thread 0x0000019003526ad0 Thread added: 0x0000019003526ad0
Event: 0.946 Thread 0x0000019079942f30 Thread exited: 0x0000019079942f30
Event: 2.046 Thread 0x00000190799429a0 Thread exited: 0x00000190799429a0


Dynamic libraries:
0x00007ff7ba630000 - 0x00007ff7ba640000 	C:\Program Files\Java\jdk-20\bin\java.exe
0x00007ffeace50000 - 0x00007ffead067000 	C:\WINDOWS\SYSTEM32\ntdll.dll
0x00007ffeab340000 - 0x00007ffeab404000 	C:\WINDOWS\System32\KERNEL32.DLL
0x00007ffeaa1c0000 - 0x00007ffeaa579000 	C:\WINDOWS\System32\KERNELBASE.dll
0x00007ffeaaa50000 - 0x00007ffeaab61000 	C:\WINDOWS\System32\ucrtbase.dll
0x00007ffea02a0000 - 0x00007ffea02b9000 	C:\Program Files\Java\jdk-20\bin\jli.dll
0x00007ffea1850000 - 0x00007ffea186b000 	C:\Program Files\Java\jdk-20\bin\VCRUNTIME140.dll
0x00007ffeacd50000 - 0x00007ffeace02000 	C:\WINDOWS\System32\ADVAPI32.dll
0x00007ffeacc40000 - 0x00007ffeacce7000 	C:\WINDOWS\System32\msvcrt.dll
0x00007ffeabd10000 - 0x00007ffeabdb7000 	C:\WINDOWS\System32\sechost.dll
0x00007ffeaa620000 - 0x00007ffeaa648000 	C:\WINDOWS\System32\bcrypt.dll
0x00007ffeac7d0000 - 0x00007ffeac8e4000 	C:\WINDOWS\System32\RPCRT4.dll
0x00007ffeaacd0000 - 0x00007ffeaae7e000 	C:\WINDOWS\System32\USER32.dll
0x00007ffeaaa20000 - 0x00007ffeaaa46000 	C:\WINDOWS\System32\win32u.dll
0x00007ffeab300000 - 0x00007ffeab329000 	C:\WINDOWS\System32\GDI32.dll
0x00007ffeaa650000 - 0x00007ffeaa76b000 	C:\WINDOWS\System32\gdi32full.dll
0x00007ffeaa580000 - 0x00007ffeaa61a000 	C:\WINDOWS\System32\msvcp_win.dll
0x00007ffe90dd0000 - 0x00007ffe91062000 	C:\WINDOWS\WinSxS\amd64_microsoft.windows.common-controls_6595b64144ccf1df_6.0.22621.4391_none_2715d37f73803e96\COMCTL32.dll
0x00007ffea1fd0000 - 0x00007ffea1fda000 	C:\WINDOWS\SYSTEM32\VERSION.dll
0x00007ffeaca40000 - 0x00007ffeaca71000 	C:\WINDOWS\System32\IMM32.DLL
0x00007ffea7290000 - 0x00007ffea729c000 	C:\Program Files\Java\jdk-20\bin\vcruntime140_1.dll
0x00007ffe9f9f0000 - 0x00007ffe9fa7e000 	C:\Program Files\Java\jdk-20\bin\msvcp140.dll
0x00007ffe168c0000 - 0x00007ffe17558000 	C:\Program Files\Java\jdk-20\bin\server\jvm.dll
0x00007ffea71f0000 - 0x00007ffea71f9000 	C:\WINDOWS\SYSTEM32\WSOCK32.dll
0x00007ffea1790000 - 0x00007ffea17c4000 	C:\WINDOWS\SYSTEM32\WINMM.dll
0x00007ffeaca80000 - 0x00007ffeacaf1000 	C:\WINDOWS\System32\WS2_32.dll
0x00007ffea9190000 - 0x00007ffea91a8000 	C:\WINDOWS\SYSTEM32\kernel.appcore.dll
0x00007ffea71a0000 - 0x00007ffea71aa000 	C:\Program Files\Java\jdk-20\bin\jimage.dll
0x00007ffea7970000 - 0x00007ffea7ba2000 	C:\WINDOWS\SYSTEM32\DBGHELP.DLL
0x00007ffeabf80000 - 0x00007ffeac30f000 	C:\WINDOWS\System32\combase.dll
0x00007ffeac8f0000 - 0x00007ffeac9c7000 	C:\WINDOWS\System32\OLEAUT32.dll
0x00007ffe898d0000 - 0x00007ffe89902000 	C:\WINDOWS\SYSTEM32\dbgcore.DLL
0x00007ffeaa9a0000 - 0x00007ffeaaa1b000 	C:\WINDOWS\System32\bcryptPrimitives.dll
0x00007ffea5ca0000 - 0x00007ffea5cae000 	C:\Program Files\Java\jdk-20\bin\instrument.dll
0x00007ffe9f9c0000 - 0x00007ffe9f9e6000 	C:\Program Files\Java\jdk-20\bin\java.dll
0x00007ffe9d6e0000 - 0x00007ffe9d7b7000 	C:\Program Files\Java\jdk-20\bin\jsvml.dll
0x00007ffeab490000 - 0x00007ffeabd06000 	C:\WINDOWS\System32\SHELL32.dll
0x00007ffea8090000 - 0x00007ffea8993000 	C:\WINDOWS\SYSTEM32\windows.storage.dll
0x00007ffea7f50000 - 0x00007ffea808f000 	C:\WINDOWS\SYSTEM32\wintypes.dll
0x00007ffeabe80000 - 0x00007ffeabf79000 	C:\WINDOWS\System32\SHCORE.dll
0x00007ffeabe20000 - 0x00007ffeabe7e000 	C:\WINDOWS\System32\shlwapi.dll
0x00007ffeaa080000 - 0x00007ffeaa0ab000 	C:\WINDOWS\SYSTEM32\profapi.dll
0x00007ffe9f8c0000 - 0x00007ffe9f8d8000 	C:\Program Files\Java\jdk-20\bin\zip.dll
0x00007ffe9f9a0000 - 0x00007ffe9f9b3000 	C:\Program Files\Java\jdk-20\bin\net.dll
0x00007ffea63c0000 - 0x00007ffea64f6000 	C:\WINDOWS\SYSTEM32\WINHTTP.dll
0x00007ffea9610000 - 0x00007ffea9679000 	C:\WINDOWS\system32\mswsock.dll
0x00007ffe9f8e0000 - 0x00007ffe9f8f6000 	C:\Program Files\Java\jdk-20\bin\nio.dll
0x00007ffe9f590000 - 0x00007ffe9f5aa000 	C:\Program Files\JetBrains\IntelliJ IDEA 2024.3\bin\breakgen64.dll
0x00007ffea0230000 - 0x00007ffea0237000 	C:\Program Files\Java\jdk-20\bin\extnet.dll
0x00007ffe1cd40000 - 0x00007ffe1cdbb000 	C:\Users\Administrator\AppData\Local\Temp\lwjgl_Administrator\3.3.4+7\x64\lwjgl.dll
0x00007ffea8cc0000 - 0x00007ffea8dc2000 	C:\WINDOWS\SYSTEM32\DNSAPI.dll
0x00007ffea8c40000 - 0x00007ffea8c6d000 	C:\WINDOWS\SYSTEM32\IPHLPAPI.DLL
0x00007ffeaca20000 - 0x00007ffeaca29000 	C:\WINDOWS\System32\NSI.dll
0x00007ffe95ad0000 - 0x00007ffe95ada000 	C:\Windows\System32\rasadhlp.dll
0x00007ffea42c0000 - 0x00007ffea4343000 	C:\WINDOWS\System32\fwpuclnt.dll
0x00007ffe9ffe0000 - 0x00007ffe9ffea000 	C:\Program Files\Java\jdk-20\bin\management.dll
0x00007ffe9ff70000 - 0x00007ffe9ff7b000 	C:\Program Files\Java\jdk-20\bin\management_ext.dll
0x00007ffeac310000 - 0x00007ffeac318000 	C:\WINDOWS\System32\PSAPI.DLL
0x00007ffe1cc70000 - 0x00007ffe1ccf5000 	C:\Users\ADMINI~1\AppData\Local\Temp\lwjgl_Administrator\3.3.4+7\x64\glfw.dll
0x00007ffe9d690000 - 0x00007ffe9d6d6000 	C:\WINDOWS\SYSTEM32\dinput8.dll
0x00007ffe9f570000 - 0x00007ffe9f581000 	C:\WINDOWS\SYSTEM32\xinput1_4.dll
0x00007ffea9d70000 - 0x00007ffea9dbe000 	C:\WINDOWS\SYSTEM32\cfgmgr32.dll
0x00007ffea9dc0000 - 0x00007ffea9dec000 	C:\WINDOWS\SYSTEM32\DEVOBJ.dll
0x00007ffea75f0000 - 0x00007ffea761b000 	C:\WINDOWS\SYSTEM32\dwmapi.dll
0x00007ffe9ba90000 - 0x00007ffe9bca3000 	C:\WINDOWS\SYSTEM32\inputhost.dll
0x00007ffea5e30000 - 0x00007ffea5f63000 	C:\WINDOWS\SYSTEM32\CoreMessaging.dll
0x00007ffea5b90000 - 0x00007ffea5c41000 	C:\WINDOWS\system32\uxtheme.dll
0x00007ffea9880000 - 0x00007ffea988c000 	C:\WINDOWS\SYSTEM32\CRYPTBASE.DLL
0x00007ffeaab70000 - 0x00007ffeaacd0000 	C:\WINDOWS\System32\MSCTF.dll
0x00007ffe5df10000 - 0x00007ffe5e010000 	C:\WINDOWS\SYSTEM32\opengl32.dll
0x00007ffe5f1c0000 - 0x00007ffe5f1ed000 	C:\WINDOWS\SYSTEM32\GLU32.dll
0x00007ffea72b0000 - 0x00007ffea72e7000 	C:\WINDOWS\SYSTEM32\dxcore.dll
0x00007ffea3a40000 - 0x00007ffea3a89000 	C:\WINDOWS\SYSTEM32\directxdatabasehelper.dll
0x00007ffeacb00000 - 0x00007ffeacbb0000 	C:\WINDOWS\System32\clbcatq.dll
0x00007ffe46520000 - 0x00007ffe4654d000 	C:\WINDOWS\System32\DriverStore\FileRepository\u0393367.inf_amd64_6fba1387e8658583\B393268\atig6pxx.dll
0x00007ffe2db00000 - 0x00007ffe320f4000 	C:\WINDOWS\System32\DriverStore\FileRepository\u0393367.inf_amd64_6fba1387e8658583\B393268\atio6axx.dll
0x00007ffeaae80000 - 0x00007ffeab2f4000 	C:\WINDOWS\System32\SETUPAPI.dll
0x00007ffea50a0000 - 0x00007ffea50d5000 	C:\WINDOWS\SYSTEM32\amdihk64.dll
0x00007ffeaa150000 - 0x00007ffeaa1bc000 	C:\WINDOWS\System32\WINTRUST.dll
0x00007ffeaa770000 - 0x00007ffeaa8d6000 	C:\WINDOWS\System32\CRYPT32.dll
0x00007ffea9e20000 - 0x00007ffea9e32000 	C:\WINDOWS\SYSTEM32\MSASN1.dll
0x00007ffea9860000 - 0x00007ffea987b000 	C:\WINDOWS\SYSTEM32\CRYPTSP.dll
0x00007ffea90f0000 - 0x00007ffea9125000 	C:\WINDOWS\system32\rsaenh.dll
0x00007ffea9700000 - 0x00007ffea9728000 	C:\WINDOWS\SYSTEM32\USERENV.dll
0x00007ffe9cd90000 - 0x00007ffe9ced5000 	C:\WINDOWS\SYSTEM32\textinputframework.dll
0x00007ffea2b10000 - 0x00007ffea2e7d000 	C:\WINDOWS\SYSTEM32\CoreUIComponents.dll
0x00007ffea68d0000 - 0x00007ffea68e9000 	C:\WINDOWS\SYSTEM32\dhcpcsvc6.DLL
0x00007ffea65a0000 - 0x00007ffea65bf000 	C:\WINDOWS\SYSTEM32\dhcpcsvc.DLL
0x00007ffe96470000 - 0x00007ffe964d1000 	C:\Users\Administrator\AppData\Local\Temp\lwjgl_Administrator\3.3.4+7\x64\lwjgl_opengl.dll
0x00007ffe67990000 - 0x00007ffe679a7000 	C:\WINDOWS\system32\napinsp.dll
0x00007ffe67970000 - 0x00007ffe6798b000 	C:\WINDOWS\system32\pnrpnsp.dll
0x00007ffe67950000 - 0x00007ffe67961000 	C:\WINDOWS\System32\winrnr.dll
0x00007ffe910f0000 - 0x00007ffe91105000 	C:\WINDOWS\system32\wshbth.dll
0x00007ffe99250000 - 0x00007ffe99277000 	C:\WINDOWS\system32\nlansp_c.dll
0x00007ffe196b0000 - 0x00007ffe19750000 	C:\Users\Administrator\AppData\Local\Temp\lwjgl_Administrator\3.3.4+7\x64\lwjgl_stb.dll
0x00007ffe9fb70000 - 0x00007ffe9fb80000 	C:\Program Files\Java\jdk-20\bin\verify.dll
0x00007ffe90d80000 - 0x00007ffe90dd0000 	C:\WINDOWS\SYSTEM32\pdh.dll
0x00007ffe0e370000 - 0x00007ffe0f24b000 	C:\Users\Administrator\AppData\Local\Temp\imgui-java-natives\1.87.0\imgui-java64.dll
0x00007ffea6870000 - 0x00007ffea6881000 	C:\WINDOWS\System32\perfproc.dll
0x00007ffe868b0000 - 0x00007ffe868c0000 	C:\WINDOWS\System32\perfos.dll
0x00007ffea7190000 - 0x00007ffea71a0000 	C:\WINDOWS\SYSTEM32\pfclient.dll

dbghelp: loaded successfully - version: 4.0.5 - missing functions: none
symbol engine: initialized successfully - sym options: 0x614 - pdb path: .;C:\Program Files\Java\jdk-20\bin;C:\WINDOWS\SYSTEM32;C:\WINDOWS\WinSxS\amd64_microsoft.windows.common-controls_6595b64144ccf1df_6.0.22621.4391_none_2715d37f73803e96;C:\Program Files\Java\jdk-20\bin\server;C:\Program Files\JetBrains\IntelliJ IDEA 2024.3\bin;C:\Users\Administrator\AppData\Local\Temp\lwjgl_Administrator\3.3.4+7\x64;C:\Users\ADMINI~1\AppData\Local\Temp\lwjgl_Administrator\3.3.4+7\x64;C:\WINDOWS\System32\DriverStore\FileRepository\u0393367.inf_amd64_6fba1387e8658583\B393268;C:\Users\Administrator\AppData\Local\Temp\imgui-java-natives\1.87.0

VM Arguments:
jvm_args: -javaagent:C:\Program Files\JetBrains\IntelliJ IDEA 2024.3\lib\idea_rt.jar=54073:C:\Program Files\JetBrains\IntelliJ IDEA 2024.3\bin -Dfile.encoding=UTF-8 -Dsun.stdout.encoding=UTF-8 -Dsun.stderr.encoding=UTF-8 
java_command: org.main.Main
java_class_path (initial): C:\Users\Administrator\IdeaProjects\Java_Game\target\classes;C:\Users\Administrator\IdeaProjects\Java_Game\dependencies\JSON\json-20200518.jar;C:\Users\Administrator\IdeaProjects\Java_Game\dependencies\LWJGL 3\lwjgl.jar;C:\Users\Administrator\IdeaProjects\Java_Game\dependencies\LWJGL 3\lwjgl-par.jar;C:\Users\Administrator\IdeaProjects\Java_Game\dependencies\LWJGL 3\lwjgl-stb.jar;C:\Users\Administrator\IdeaProjects\Java_Game\dependencies\LWJGL 3\lwjgl-bgfx.jar;C:\Users\Administrator\IdeaProjects\Java_Game\dependencies\LWJGL 3\lwjgl-glfw.jar;C:\Users\Administrator\IdeaProjects\Java_Game\dependencies\LWJGL 3\joml-1.10.7.jar;C:\Users\Administrator\IdeaProjects\Java_Game\dependencies\LWJGL 3\lwjgl-assimp.jar;C:\Users\Administrator\IdeaProjects\Java_Game\dependencies\LWJGL 3\lwjgl-nanovg.jar;C:\Users\Administrator\IdeaProjects\Java_Game\dependencies\LWJGL 3\lwjgl-openal.jar;C:\Users\Administrator\IdeaProjects\Java_Game\dependencies\LWJGL 3\lwjgl-opengl.jar;C:\Users\Administrator\IdeaProjects\Java_Game\dependencies\LWJGL 3\lwjgl-vulkan.jar;C:\Users\Administrator\IdeaProjects\Java_Game\dependencies\LWJGL 3\lwjgl-javadoc.jar;C:\Users\Administrator\IdeaProjects\Java_Game\dependencies\LWJGL 3\lwjgl-nuklear.jar;C:\Users\Administrator\IdeaProjects\Java_Game\dependencies\LWJGL 3\lwjgl-sources.jar;C:\Users\Administrator\IdeaProjects\Java_Game\dependencies\LWJGL 3\lwjgl-par-javadoc.jar;C:\Users\Administrator\IdeaProjects\Java_Game\dependencies\LWJGL 3\lwjgl-par-sources.jar;C:\Users\Administrator\IdeaProjects\Java_Game\dependencies\LWJGL 3\lwjgl-stb-javadoc.jar;C:\Users\Administrator\IdeaProjects\Java_Game\dependencies\LWJGL 3\lwjgl-stb-sources.jar;C:\Users\Administrator\IdeaProjects\Java_Game\dependencies\LWJGL 3\lwjgl-bgfx-javadoc.jar;C:\Users\Administrator\IdeaProjects\Java_Game\dependencies\LWJGL 3\lwjgl-bgfx-sources.jar;C:\Users\Administrator\IdeaProjects\Java_Game\dependencies\LWJGL 3\lwjgl-glfw-javadoc.jar;C:\Users\Administrator\IdeaProjects\Java_Game\dependencies\LWJGL 3\lwjgl-glfw-sources.jar;C:\Users\Administrator\IdeaProjects\Java_Game\dependencies\LWJGL 3\joml-1.10.7-javadoc.jar;C:\Users\Administrator\IdeaProjects\Java_Game\dependencies\LWJGL 3\joml-1.10.7-sources.jar;C:\Users\Administrator\IdeaProjects\Java_Game\dependencies\LWJGL 3\lwjgl-assimp-javadoc.jar;C:\Users\Administrator\IdeaProjects\Java_Game\dependencies\LWJGL 3\lwjgl-assimp-sources.jar;C:\Users\Administrator\IdeaProjects\Java_Game\dependencies\LWJGL 3\lwjgl-nanovg-javadoc.jar;C:\Users\Administrator\IdeaProjects\Java_Game\dependencies\LWJGL 3\lwjgl-nanovg-sources.jar;C:\Users\Administrator\IdeaProjects\Java_Game\dependencies\LWJGL 3\lwjgl-openal-javadoc.jar;C:\Users\Administrator\IdeaProjects\Java_Game\dependencies\LWJGL 3\lwjgl-openal-sources.jar;C:\Users\Administrator\IdeaProjects\Java_Game\dependencies\LWJGL 3\lwjgl-opengl-javadoc.jar;C:\Users\Administrator\IdeaProjects\Java_Game\dependencies\LWJGL 3\lwjgl-opengl-sources.jar;C:\Users\Administrator\IdeaProjects\Java_Game\dependencies\LWJGL 3\lwjgl-vulkan-javadoc.jar;C:\Users\Administrator\IdeaProjects\Java_Game\dependencies\LWJGL 3\lwjgl-vulkan-sources.jar;C:\Users\Administrator\IdeaProjects\Java_Game\dependencies\LWJGL 3\lwjgl-natives-windows.jar;C:\Users\Administrator\IdeaProjects\Java_Game\dependencies\LWJGL 3\lwjgl-nuklear-javadoc.jar;C:\Users\Administrator\IdeaProjects\Java_Game\dependencies\LWJGL 3\lwjgl-nuklear-sources.jar;C:\Users\Administrator\IdeaProjects\Java_Game\dependencies\LWJGL 3\joml-primitives-1.10.0.jar;C:\Users\Administrator\IdeaProjects\Java_Game\dependencies\LWJGL 3\lwjgl-par-natives-windows.jar;C:\Users\Administrator\IdeaProjects\Java_Game\dependencies\LWJGL 3\lwjgl-stb-natives-windows.jar;C:\Users\Administrator\IdeaProjects\Java_Game\dependencies\LWJGL 3\lwjgl-bgfx-natives-windows.jar;C:\Users\Administrator\IdeaProjects\Java_Game\dependencies\LWJGL 3\lwjgl-glfw-natives-windows.jar;C:\Users\Administrator\IdeaProjects\Java_Game\dependencies\LWJGL 3\lwjgl-assimp-natives-windows.jar;C:\Users\Administrator\IdeaProjects\Java_Game\dependencies\LWJGL 3\lwjgl-nanovg-natives-windows.jar;C:\Users\Administrator\IdeaProjects\Java_Game\dependencies\LWJGL 3\lwjgl-openal-natives-windows.jar;C:\Users\Administrator\IdeaProjects\Java_Game\dependencies\LWJGL 3\lwjgl-opengl-natives-windows.jar;C:\Users\Administrator\IdeaProjects\Java_Game\dependencies\LWJGL 3\lwjgl-nuklear-natives-windows.jar;C:\Users\Administrator\IdeaProjects\Java_Game\dependencies\LWJGL 3\joml-primitives-1.10.0-javadoc.jar;C:\Users\Administrator\IdeaProjects\Java_Game\dependencies\LWJGL 3\joml-primitives-1.10.0-sources.jar;C:\Users\Administrator\IdeaProjects\Java_Game\dependencies\ImGui\imgui-app-1.87.0.jar;C:\Users\Administrator\IdeaProjects\Java_Game\dependencies\ImGui\imgui-lwjgl3-1.87.0.jar;C:\Users\Administrator\IdeaProjects\Java_Game\dependencies\ImGui\imgui-app-1.87.0-all.jar;C:\Users\Administrator\IdeaProjects\Java_Game\dependencies\ImGui\imgui-binding-1.87.0.jar;C:\Users\Administrator\IdeaProjects\Java_Game\dependencies\ImGui\imgui-app-1.87.0-javadoc.jar;C:\Users\Administrator\IdeaProjects\Java_Game\dependencies\ImGui\imgui-app-1.87.0-sources.jar;C:\Users\Administrator\IdeaProjects\Java_Game\dependencies\ImGui\imgui-lwjgl3-1.87.0-javadoc.jar;C:\Users\Administrator\IdeaProjects\Java_Game\dependencies\ImGui\imgui-lwjgl3-1.87.0-sources.jar;C:\Users\Administrator\IdeaProjects\Java_Game\dependencies\ImGui\imgui-binding-1.87.0-javadoc.jar;C:\Users\Administrator\IdeaProjects\Java_Game\dependencies\ImGui\imgui-binding-1.87.0-sources.jar
Launcher Type: SUN_STANDARD

[Global flags]
     intx CICompilerCount                          = 4                                         {product} {ergonomic}
     uint ConcGCThreads                            = 2                                         {product} {ergonomic}
     uint G1ConcRefinementThreads                  = 8                                         {product} {ergonomic}
   size_t G1HeapRegionSize                         = 2097152                                   {product} {ergonomic}
    uintx GCDrainStackTargetSize                   = 64                                        {product} {ergonomic}
   size_t InitialHeapSize                          = 234881024                                 {product} {ergonomic}
   size_t MarkStackSize                            = 4194304                                   {product} {ergonomic}
   size_t MaxHeapSize                              = 3739222016                                {product} {ergonomic}
   size_t MaxNewSize                               = 2241855488                                {product} {ergonomic}
   size_t MinHeapDeltaBytes                        = 2097152                                   {product} {ergonomic}
   size_t MinHeapSize                              = 8388608                                   {product} {ergonomic}
    uintx NonNMethodCodeHeapSize                   = 5839372                                {pd product} {ergonomic}
    uintx NonProfiledCodeHeapSize                  = 122909434                              {pd product} {ergonomic}
    uintx ProfiledCodeHeapSize                     = 122909434                              {pd product} {ergonomic}
    uintx ReservedCodeCacheSize                    = 251658240                              {pd product} {ergonomic}
     bool SegmentedCodeCache                       = true                                      {product} {ergonomic}
   size_t SoftMaxHeapSize                          = 3739222016                             {manageable} {ergonomic}
     bool UseCompressedClassPointers               = true                           {product lp64_product} {ergonomic}
     bool UseCompressedOops                        = true                           {product lp64_product} {ergonomic}
     bool UseG1GC                                  = true                                      {product} {ergonomic}
     bool UseLargePagesIndividualAllocation        = false                                  {pd product} {ergonomic}

Logging:
Log output configuration:
 #0: stdout all=warning uptime,level,tags foldmultilines=false
 #1: stderr all=off uptime,level,tags foldmultilines=false

Environment Variables:
PATH=C:\Program Files\Common Files\Oracle\Java\javapath;C:\Program Files (x86)\Common Files\Oracle\Java\java8path;C:\Program Files (x86)\Common Files\Oracle\Java\javapath;C:\Program Files\Microsoft\jdk-11.0.16.101-hotspot\bin;C:\WINDOWS\system32;C:\WINDOWS;C:\WINDOWS\System32\Wbem;C:\WINDOWS\System32\WindowsPowerShell\v1.0\;C:\WINDOWS\System32\OpenSSH\;C:\Program Files\Microsoft SQL Server\150\Tools\Binn\;C:\Program Files\Git\cmd;C:\ProgramData\chocolatey\bin;C:\Program Files\nodejs\;C:\Program Files\CMake\bin;C:\Windows\WinSxS\wow64_msbuild_b03f5f7f11d50a3a_4.0.15912.0_none_07ea43e35ad4fd3b;C:\Program Files\Microsoft Visual Studio\2022\Community\VC\Tools\MSVC\14.37.32822\bin\Hostx64\x64\;C:\Program Files\LLVM\bin;C:\mingw64\bin;C:\Users\Administrator\Desktop\apitrace-latest-win64\apitrace-latest-win64\bin;C:\Users\Administrator\Desktop\apitrace-latest-win32\apitrace-latest-win32\bin;C:\Users\Administrator\AppData\Local\Packages\PythonSoftwareFoundation.Python.3.11_qbz5n2kfra8p0\LocalCache\local-packages\Python311\Scripts;C:\Users\Administrator\AppData\Local\Packages\PythonSoftwareFoundation.Python.3.11_qbz5n2kfra8p0\LocalCache\local-packages\Python311\Scripts;C:\Program Files\lua-5.4.2_Win64_bin;C:\Program Files (x86)\Windows Kits\10\Windows Performance Toolkit\;C:\Users\Administrator\AppData\Local\Android\Sdk\android-ndk-r27;C:\Program Files (x86)\Graphviz2.38\bin\dot.exe;C:\Program Files\RenderDoc;C:\Program Files\dotnet\;C:\Users\Administrator\.cargo\bin;C:\Users\Administrator\AppData\Local\Microsoft\WindowsApps;C:\Users\Administrator\AppData\Local\Programs\Microsoft VS Code\bin;C:\Users\Administrator\AppData\Roaming\npm;C:\Program Files (x86)\Graphviz2.38\bin;C:\Users\Administrator\.dotnet\tools;C:\Program Files\JetBrains\IntelliJ IDEA 2024.3\bin;
USERNAME=Administrator
OS=Windows_NT
PROCESSOR_IDENTIFIER=AMD64 Family 23 Model 24 Stepping 1, AuthenticAMD
TMP=C:\Users\ADMINI~1\AppData\Local\Temp
TEMP=C:\Users\ADMINI~1\AppData\Local\Temp




---------------  S Y S T E M  ---------------

OS:
 Windows 11 , 64 bit Build 22621 (10.0.22621.4391)
OS uptime: 13 days 17:53 hours

CPU: total 8 (initial active 8) (8 cores per cpu, 2 threads per core) family 23 model 24 stepping 1 microcode 0x0, cx8, cmov, fxsr, ht, mmx, 3dnowpref, sse, sse2, sse3, ssse3, sse4a, sse4.1, sse4.2, popcnt, lzcnt, tsc, tscinvbit, avx, avx2, aes, clmul, bmi1, bmi2, adx, sha, fma, vzeroupper, clflush, clflushopt, rdtscp, f16c

Memory: 4k page, system-wide physical 14263M (3284M free)
TotalPageFile size 20919M (AvailPageFile size 5321M)
current process WorkingSet (physical memory assigned to process): 160M, peak: 160M
current process commit charge ("private bytes"): 426M, peak: 426M

vm_info: Java HotSpot(TM) 64-Bit Server VM (20.0.2+9-78) for windows-amd64 JRE (20.0.2+9-78), built on 2023-06-14T10:08:48Z by "mach5one" with MS VC++ 17.1 (VS2022)

END.
